2017-03-12 08:29:10,797 WARN org.apache.hadoop.util.NativeCodeLoader: Unable to load native-hadoop library for your platform... using builtin-java classes where applicable
2017-03-12 08:29:13,053 INFO org.apache.hadoop.conf.Configuration.deprecation: session.id is deprecated. Instead, use dfs.metrics.session-id
2017-03-12 08:29:13,061 INFO org.apache.hadoop.metrics.jvm.JvmMetrics: Initializing JVM Metrics with processName=JobTracker, sessionId=
2017-03-12 08:29:13,575 WARN org.apache.hadoop.mapreduce.JobResourceUploader: No job jar file set.  User classes may not be found. See Job or Job#setJar(String).
2017-03-12 08:29:13,741 INFO org.apache.hadoop.mapreduce.lib.input.FileInputFormat: Total input paths to process : 1
2017-03-12 08:29:14,242 INFO org.apache.hadoop.mapreduce.JobSubmitter: number of splits:1
2017-03-12 08:29:14,699 INFO org.apache.hadoop.mapreduce.JobSubmitter: Submitting tokens for job: job_local1978927235_0001
2017-03-12 08:29:15,810 INFO org.apache.hadoop.mapreduce.Job: The url to track the job: http://localhost:8080/
2017-03-12 08:29:15,821 INFO org.apache.hadoop.mapreduce.Job: Running job: job_local1978927235_0001
2017-03-12 08:29:15,830 INFO org.apache.hadoop.mapred.LocalJobRunner: OutputCommitter set in config null
2017-03-12 08:29:15,884 INFO org.apache.hadoop.mapreduce.lib.output.FileOutputCommitter: File Output Committer Algorithm version is 1
2017-03-12 08:29:15,889 INFO org.apache.hadoop.mapred.LocalJobRunner: OutputCommitter is org.apache.hadoop.mapreduce.lib.output.FileOutputCommitter
2017-03-12 08:29:16,281 INFO org.apache.hadoop.mapred.LocalJobRunner: Waiting for map tasks
2017-03-12 08:29:16,283 INFO org.apache.hadoop.mapred.LocalJobRunner: Starting task: attempt_local1978927235_0001_m_000000_0
2017-03-12 08:29:16,518 INFO org.apache.hadoop.mapreduce.lib.output.FileOutputCommitter: File Output Committer Algorithm version is 1
2017-03-12 08:29:16,599 INFO org.apache.hadoop.mapred.Task:  Using ResourceCalculatorProcessTree : [ ]
2017-03-12 08:29:16,620 INFO org.apache.hadoop.mapred.MapTask: Processing split: file:/media/sf_Documents/GitHub/HadoopSAMOUHM2/inputSimilarity/part-r-00000:0+48503
2017-03-12 08:29:16,857 INFO org.apache.hadoop.mapreduce.Job: Job job_local1978927235_0001 running in uber mode : false
2017-03-12 08:29:16,874 INFO org.apache.hadoop.mapreduce.Job:  map 0% reduce 0%
2017-03-12 08:29:16,880 INFO org.apache.hadoop.mapred.MapTask: (EQUATOR) 0 kvi 26214396(104857584)
2017-03-12 08:29:16,882 INFO org.apache.hadoop.mapred.MapTask: mapreduce.task.io.sort.mb: 100
2017-03-12 08:29:16,884 INFO org.apache.hadoop.mapred.MapTask: soft limit at 83886080
2017-03-12 08:29:16,886 INFO org.apache.hadoop.mapred.MapTask: bufstart = 0; bufvoid = 104857600
2017-03-12 08:29:16,888 INFO org.apache.hadoop.mapred.MapTask: kvstart = 26214396; length = 6553600
2017-03-12 08:29:16,915 INFO org.apache.hadoop.mapred.MapTask: Map output collector class = org.apache.hadoop.mapred.MapTask$MapOutputBuffer
2017-03-12 08:29:22,636 INFO org.apache.hadoop.mapred.LocalJobRunner: map > map
2017-03-12 08:29:22,918 INFO org.apache.hadoop.mapreduce.Job:  map 52% reduce 0%
2017-03-12 08:29:25,614 INFO org.apache.hadoop.mapred.LocalJobRunner: map > map
2017-03-12 08:29:25,617 INFO org.apache.hadoop.mapred.MapTask: Starting flush of map output
2017-03-12 08:29:25,618 INFO org.apache.hadoop.mapred.MapTask: Spilling map output
2017-03-12 08:29:25,619 INFO org.apache.hadoop.mapred.MapTask: bufstart = 0; bufend = 1018958; bufvoid = 104857600
2017-03-12 08:29:25,619 INFO org.apache.hadoop.mapred.MapTask: kvstart = 26214396(104857584); kvend = 26094944(104379776); length = 119453/6553600
2017-03-12 08:29:25,648 INFO org.apache.hadoop.mapred.LocalJobRunner: map > sort
2017-03-12 08:29:25,929 INFO org.apache.hadoop.mapreduce.Job:  map 67% reduce 0%
2017-03-12 08:29:25,953 INFO org.apache.hadoop.mapred.MapTask: Finished spill 0
2017-03-12 08:29:25,964 INFO org.apache.hadoop.mapred.Task: Task:attempt_local1978927235_0001_m_000000_0 is done. And is in the process of committing
2017-03-12 08:29:25,974 INFO org.apache.hadoop.mapred.LocalJobRunner: map
2017-03-12 08:29:25,975 INFO org.apache.hadoop.mapred.Task: Task 'attempt_local1978927235_0001_m_000000_0' done.
2017-03-12 08:29:25,976 INFO org.apache.hadoop.mapred.LocalJobRunner: Finishing task: attempt_local1978927235_0001_m_000000_0
2017-03-12 08:29:25,977 INFO org.apache.hadoop.mapred.LocalJobRunner: map task executor complete.
2017-03-12 08:29:25,992 INFO org.apache.hadoop.mapred.LocalJobRunner: Waiting for reduce tasks
2017-03-12 08:29:25,992 INFO org.apache.hadoop.mapred.LocalJobRunner: Starting task: attempt_local1978927235_0001_r_000000_0
2017-03-12 08:29:26,064 INFO org.apache.hadoop.mapreduce.lib.output.FileOutputCommitter: File Output Committer Algorithm version is 1
2017-03-12 08:29:26,065 INFO org.apache.hadoop.mapred.Task:  Using ResourceCalculatorProcessTree : [ ]
2017-03-12 08:29:26,086 INFO org.apache.hadoop.mapred.ReduceTask: Using ShuffleConsumerPlugin: org.apache.hadoop.mapreduce.task.reduce.Shuffle@7f7b6d5e
2017-03-12 08:29:26,184 INFO org.apache.hadoop.mapreduce.task.reduce.MergeManagerImpl: MergerManager: memoryLimit=1254044416, maxSingleShuffleLimit=313511104, mergeThreshold=827669376, ioSortFactor=10, memToMemMergeOutputsThreshold=10
2017-03-12 08:29:26,197 INFO org.apache.hadoop.mapreduce.task.reduce.EventFetcher: attempt_local1978927235_0001_r_000000_0 Thread started: EventFetcher for fetching Map Completion Events
2017-03-12 08:29:26,534 INFO org.apache.hadoop.mapreduce.task.reduce.LocalFetcher: localfetcher#1 about to shuffle output of map attempt_local1978927235_0001_m_000000_0 decomp: 1078688 len: 1078692 to MEMORY
2017-03-12 08:29:26,556 INFO org.apache.hadoop.mapreduce.task.reduce.InMemoryMapOutput: Read 1078688 bytes from map-output for attempt_local1978927235_0001_m_000000_0
2017-03-12 08:29:26,570 INFO org.apache.hadoop.mapreduce.task.reduce.MergeManagerImpl: closeInMemoryFile -> map-output of size: 1078688, inMemoryMapOutputs.size() -> 1, commitMemory -> 0, usedMemory ->1078688
2017-03-12 08:29:26,588 INFO org.apache.hadoop.mapreduce.task.reduce.EventFetcher: EventFetcher is interrupted.. Returning
2017-03-12 08:29:26,589 INFO org.apache.hadoop.mapred.LocalJobRunner: 1 / 1 copied.
2017-03-12 08:29:26,590 INFO org.apache.hadoop.mapreduce.task.reduce.MergeManagerImpl: finalMerge called with 1 in-memory map-outputs and 0 on-disk map-outputs
2017-03-12 08:29:26,635 INFO org.apache.hadoop.mapred.Merger: Merging 1 sorted segments
2017-03-12 08:29:26,636 INFO org.apache.hadoop.mapred.Merger: Down to the last merge-pass, with 1 segments left of total size: 1078678 bytes
2017-03-12 08:29:26,834 INFO org.apache.hadoop.mapreduce.task.reduce.MergeManagerImpl: Merged 1 segments, 1078688 bytes to disk to satisfy reduce memory limit
2017-03-12 08:29:26,835 INFO org.apache.hadoop.mapreduce.task.reduce.MergeManagerImpl: Merging 1 files, 1078692 bytes from disk
2017-03-12 08:29:26,841 INFO org.apache.hadoop.mapreduce.task.reduce.MergeManagerImpl: Merging 0 segments, 0 bytes from memory into reduce
2017-03-12 08:29:26,842 INFO org.apache.hadoop.mapred.Merger: Merging 1 sorted segments
2017-03-12 08:29:26,843 INFO org.apache.hadoop.mapred.Merger: Down to the last merge-pass, with 1 segments left of total size: 1078678 bytes
2017-03-12 08:29:26,844 INFO org.apache.hadoop.mapred.LocalJobRunner: 1 / 1 copied.
2017-03-12 08:29:26,931 INFO org.apache.hadoop.mapreduce.Job:  map 100% reduce 0%
2017-03-12 08:29:27,227 INFO org.apache.hadoop.conf.Configuration.deprecation: mapred.skip.on is deprecated. Instead, use mapreduce.job.skiprecords
2017-03-12 08:29:27,764 INFO org.apache.hadoop.mapred.Task: Task:attempt_local1978927235_0001_r_000000_0 is done. And is in the process of committing
2017-03-12 08:29:27,775 INFO org.apache.hadoop.mapred.LocalJobRunner: 1 / 1 copied.
2017-03-12 08:29:27,776 INFO org.apache.hadoop.mapred.Task: Task attempt_local1978927235_0001_r_000000_0 is allowed to commit now
2017-03-12 08:29:27,803 INFO org.apache.hadoop.mapreduce.lib.output.FileOutputCommitter: Saved output of task 'attempt_local1978927235_0001_r_000000_0' to file:/media/sf_Documents/GitHub/HadoopSAMOUHM2/outputAllPairWiseOptimized/_temporary/0/task_local1978927235_0001_r_000000
2017-03-12 08:29:27,809 INFO org.apache.hadoop.mapred.LocalJobRunner: reduce > reduce
2017-03-12 08:29:27,810 INFO org.apache.hadoop.mapred.Task: Task 'attempt_local1978927235_0001_r_000000_0' done.
2017-03-12 08:29:27,812 INFO org.apache.hadoop.mapred.LocalJobRunner: Finishing task: attempt_local1978927235_0001_r_000000_0
2017-03-12 08:29:27,814 INFO org.apache.hadoop.mapred.LocalJobRunner: reduce task executor complete.
2017-03-12 08:29:27,959 INFO org.apache.hadoop.mapreduce.Job:  map 100% reduce 100%
2017-03-12 08:29:28,963 INFO org.apache.hadoop.mapreduce.Job: Job job_local1978927235_0001 completed successfully
2017-03-12 08:29:29,056 INFO org.apache.hadoop.mapreduce.Job: Counters: 30
	File System Counters
		FILE: Number of bytes read=2254814
		FILE: Number of bytes written=3836421
		FILE: Number of read operations=0
		FILE: Number of large read operations=0
		FILE: Number of write operations=0
	Map-Reduce Framework
		Map input records=2372
		Map output records=29864
		Map output bytes=1018958
		Map output materialized bytes=1078692
		Input split bytes=140
		Combine input records=0
		Combine output records=0
		Reduce input groups=14932
		Reduce shuffle bytes=1078692
		Reduce input records=29864
		Reduce output records=2311
		Spilled Records=59728
		Shuffled Maps =1
		Failed Shuffles=0
		Merged Map outputs=1
		GC time elapsed (ms)=220
		Total committed heap usage (bytes)=1710751744
	Shuffle Errors
		BAD_ID=0
		CONNECTION=0
		IO_ERROR=0
		WRONG_LENGTH=0
		WRONG_MAP=0
		WRONG_REDUCE=0
	File Input Format Counters 
		Bytes Read=48503
	File Output Format Counters 
		Bytes Written=46169
2017-03-12 08:29:40,283 WARN org.apache.hadoop.util.NativeCodeLoader: Unable to load native-hadoop library for your platform... using builtin-java classes where applicable
2017-03-12 08:29:42,111 INFO org.apache.hadoop.conf.Configuration.deprecation: session.id is deprecated. Instead, use dfs.metrics.session-id
2017-03-12 08:29:42,118 INFO org.apache.hadoop.metrics.jvm.JvmMetrics: Initializing JVM Metrics with processName=JobTracker, sessionId=
2017-03-12 08:29:42,538 WARN org.apache.hadoop.mapreduce.JobResourceUploader: No job jar file set.  User classes may not be found. See Job or Job#setJar(String).
2017-03-12 08:29:42,693 INFO org.apache.hadoop.mapreduce.lib.input.FileInputFormat: Total input paths to process : 1
2017-03-12 08:29:43,135 INFO org.apache.hadoop.mapreduce.JobSubmitter: number of splits:1
2017-03-12 08:29:43,533 INFO org.apache.hadoop.mapreduce.JobSubmitter: Submitting tokens for job: job_local1685200992_0001
2017-03-12 08:29:44,394 INFO org.apache.hadoop.mapreduce.Job: The url to track the job: http://localhost:8080/
2017-03-12 08:29:44,408 INFO org.apache.hadoop.mapreduce.Job: Running job: job_local1685200992_0001
2017-03-12 08:29:44,412 INFO org.apache.hadoop.mapred.LocalJobRunner: OutputCommitter set in config null
2017-03-12 08:29:44,444 INFO org.apache.hadoop.mapreduce.lib.output.FileOutputCommitter: File Output Committer Algorithm version is 1
2017-03-12 08:29:44,447 INFO org.apache.hadoop.mapred.LocalJobRunner: OutputCommitter is org.apache.hadoop.mapreduce.lib.output.FileOutputCommitter
2017-03-12 08:29:44,746 INFO org.apache.hadoop.mapred.LocalJobRunner: Waiting for map tasks
2017-03-12 08:29:44,754 INFO org.apache.hadoop.mapred.LocalJobRunner: Starting task: attempt_local1685200992_0001_m_000000_0
2017-03-12 08:29:44,992 INFO org.apache.hadoop.mapreduce.lib.output.FileOutputCommitter: File Output Committer Algorithm version is 1
2017-03-12 08:29:45,059 INFO org.apache.hadoop.mapred.Task:  Using ResourceCalculatorProcessTree : [ ]
2017-03-12 08:29:45,074 INFO org.apache.hadoop.mapred.MapTask: Processing split: file:/media/sf_Documents/GitHub/HadoopSAMOUHM2/inputSimilarity/part-r-00000:0+48503
2017-03-12 08:29:45,248 INFO org.apache.hadoop.mapred.MapTask: (EQUATOR) 0 kvi 26214396(104857584)
2017-03-12 08:29:45,250 INFO org.apache.hadoop.mapred.MapTask: mapreduce.task.io.sort.mb: 100
2017-03-12 08:29:45,250 INFO org.apache.hadoop.mapred.MapTask: soft limit at 83886080
2017-03-12 08:29:45,251 INFO org.apache.hadoop.mapred.MapTask: bufstart = 0; bufvoid = 104857600
2017-03-12 08:29:45,252 INFO org.apache.hadoop.mapred.MapTask: kvstart = 26214396; length = 6553600
2017-03-12 08:29:45,288 INFO org.apache.hadoop.mapred.MapTask: Map output collector class = org.apache.hadoop.mapred.MapTask$MapOutputBuffer
2017-03-12 08:29:45,449 INFO org.apache.hadoop.mapreduce.Job: Job job_local1685200992_0001 running in uber mode : false
2017-03-12 08:29:45,452 INFO org.apache.hadoop.mapreduce.Job:  map 0% reduce 0%
2017-03-12 08:29:45,897 INFO org.apache.hadoop.mapred.LocalJobRunner: 
2017-03-12 08:29:45,898 INFO org.apache.hadoop.mapred.MapTask: Starting flush of map output
2017-03-12 08:29:45,898 INFO org.apache.hadoop.mapred.MapTask: Spilling map output
2017-03-12 08:29:45,899 INFO org.apache.hadoop.mapred.MapTask: bufstart = 0; bufend = 76698; bufvoid = 104857600
2017-03-12 08:29:45,899 INFO org.apache.hadoop.mapred.MapTask: kvstart = 26214396(104857584); kvend = 26194216(104776864); length = 20181/6553600
2017-03-12 08:29:46,090 INFO org.apache.hadoop.mapred.MapTask: Finished spill 0
2017-03-12 08:29:46,097 INFO org.apache.hadoop.mapred.Task: Task:attempt_local1685200992_0001_m_000000_0 is done. And is in the process of committing
2017-03-12 08:29:46,173 INFO org.apache.hadoop.mapred.LocalJobRunner: map
2017-03-12 08:29:46,175 INFO org.apache.hadoop.mapred.Task: Task 'attempt_local1685200992_0001_m_000000_0' done.
2017-03-12 08:29:46,176 INFO org.apache.hadoop.mapred.LocalJobRunner: Finishing task: attempt_local1685200992_0001_m_000000_0
2017-03-12 08:29:46,176 INFO org.apache.hadoop.mapred.LocalJobRunner: map task executor complete.
2017-03-12 08:29:46,195 INFO org.apache.hadoop.mapred.LocalJobRunner: Waiting for reduce tasks
2017-03-12 08:29:46,196 INFO org.apache.hadoop.mapred.LocalJobRunner: Starting task: attempt_local1685200992_0001_r_000000_0
2017-03-12 08:29:46,340 INFO org.apache.hadoop.mapreduce.lib.output.FileOutputCommitter: File Output Committer Algorithm version is 1
2017-03-12 08:29:46,342 INFO org.apache.hadoop.mapred.Task:  Using ResourceCalculatorProcessTree : [ ]
2017-03-12 08:29:46,376 INFO org.apache.hadoop.mapred.ReduceTask: Using ShuffleConsumerPlugin: org.apache.hadoop.mapreduce.task.reduce.Shuffle@68cdb8b5
2017-03-12 08:29:46,471 INFO org.apache.hadoop.mapreduce.Job:  map 100% reduce 0%
2017-03-12 08:29:46,485 INFO org.apache.hadoop.mapreduce.task.reduce.MergeManagerImpl: MergerManager: memoryLimit=1254044416, maxSingleShuffleLimit=313511104, mergeThreshold=827669376, ioSortFactor=10, memToMemMergeOutputsThreshold=10
2017-03-12 08:29:46,497 INFO org.apache.hadoop.mapreduce.task.reduce.EventFetcher: attempt_local1685200992_0001_r_000000_0 Thread started: EventFetcher for fetching Map Completion Events
2017-03-12 08:29:46,717 INFO org.apache.hadoop.mapreduce.task.reduce.LocalFetcher: localfetcher#1 about to shuffle output of map attempt_local1685200992_0001_m_000000_0 decomp: 86792 len: 86796 to MEMORY
2017-03-12 08:29:46,736 INFO org.apache.hadoop.mapreduce.task.reduce.InMemoryMapOutput: Read 86792 bytes from map-output for attempt_local1685200992_0001_m_000000_0
2017-03-12 08:29:46,750 INFO org.apache.hadoop.mapreduce.task.reduce.MergeManagerImpl: closeInMemoryFile -> map-output of size: 86792, inMemoryMapOutputs.size() -> 1, commitMemory -> 0, usedMemory ->86792
2017-03-12 08:29:46,762 INFO org.apache.hadoop.mapreduce.task.reduce.EventFetcher: EventFetcher is interrupted.. Returning
2017-03-12 08:29:46,767 INFO org.apache.hadoop.mapred.LocalJobRunner: 1 / 1 copied.
2017-03-12 08:29:46,768 INFO org.apache.hadoop.mapreduce.task.reduce.MergeManagerImpl: finalMerge called with 1 in-memory map-outputs and 0 on-disk map-outputs
2017-03-12 08:29:46,808 INFO org.apache.hadoop.mapred.Merger: Merging 1 sorted segments
2017-03-12 08:29:46,809 INFO org.apache.hadoop.mapred.Merger: Down to the last merge-pass, with 1 segments left of total size: 86788 bytes
2017-03-12 08:29:46,846 INFO org.apache.hadoop.mapreduce.task.reduce.MergeManagerImpl: Merged 1 segments, 86792 bytes to disk to satisfy reduce memory limit
2017-03-12 08:29:46,848 INFO org.apache.hadoop.mapreduce.task.reduce.MergeManagerImpl: Merging 1 files, 86796 bytes from disk
2017-03-12 08:29:46,854 INFO org.apache.hadoop.mapreduce.task.reduce.MergeManagerImpl: Merging 0 segments, 0 bytes from memory into reduce
2017-03-12 08:29:46,855 INFO org.apache.hadoop.mapred.Merger: Merging 1 sorted segments
2017-03-12 08:29:46,855 INFO org.apache.hadoop.mapred.Merger: Down to the last merge-pass, with 1 segments left of total size: 86788 bytes
2017-03-12 08:29:46,857 INFO org.apache.hadoop.mapred.LocalJobRunner: 1 / 1 copied.
2017-03-12 08:29:47,130 INFO org.apache.hadoop.conf.Configuration.deprecation: mapred.skip.on is deprecated. Instead, use mapreduce.job.skiprecords
2017-03-12 08:29:47,501 INFO org.apache.hadoop.mapred.Task: Task:attempt_local1685200992_0001_r_000000_0 is done. And is in the process of committing
2017-03-12 08:29:47,523 INFO org.apache.hadoop.mapred.LocalJobRunner: 1 / 1 copied.
2017-03-12 08:29:47,525 INFO org.apache.hadoop.mapred.Task: Task attempt_local1685200992_0001_r_000000_0 is allowed to commit now
2017-03-12 08:29:47,579 INFO org.apache.hadoop.mapreduce.lib.output.FileOutputCommitter: Saved output of task 'attempt_local1685200992_0001_r_000000_0' to file:/media/sf_Documents/GitHub/HadoopSAMOUHM2/outputInvIndex/_temporary/0/task_local1685200992_0001_r_000000
2017-03-12 08:29:47,585 INFO org.apache.hadoop.mapred.LocalJobRunner: reduce > reduce
2017-03-12 08:29:47,586 INFO org.apache.hadoop.mapred.Task: Task 'attempt_local1685200992_0001_r_000000_0' done.
2017-03-12 08:29:47,587 INFO org.apache.hadoop.mapred.LocalJobRunner: Finishing task: attempt_local1685200992_0001_r_000000_0
2017-03-12 08:29:47,588 INFO org.apache.hadoop.mapred.LocalJobRunner: reduce task executor complete.
2017-03-12 08:29:48,476 INFO org.apache.hadoop.mapreduce.Job:  map 100% reduce 100%
2017-03-12 08:29:48,487 INFO org.apache.hadoop.mapreduce.Job: Job job_local1685200992_0001 completed successfully
2017-03-12 08:29:48,598 INFO org.apache.hadoop.mapreduce.Job: Counters: 30
	File System Counters
		FILE: Number of bytes read=271022
		FILE: Number of bytes written=860621
		FILE: Number of read operations=0
		FILE: Number of large read operations=0
		FILE: Number of write operations=0
	Map-Reduce Framework
		Map input records=2372
		Map output records=5046
		Map output bytes=76698
		Map output materialized bytes=86796
		Input split bytes=140
		Combine input records=0
		Combine output records=0
		Reduce input groups=3129
		Reduce shuffle bytes=86796
		Reduce input records=5046
		Reduce output records=2311
		Spilled Records=10092
		Shuffled Maps =1
		Failed Shuffles=0
		Merged Map outputs=1
		GC time elapsed (ms)=32
		Total committed heap usage (bytes)=451936256
	Shuffle Errors
		BAD_ID=0
		CONNECTION=0
		IO_ERROR=0
		WRONG_LENGTH=0
		WRONG_MAP=0
		WRONG_REDUCE=0
	File Input Format Counters 
		Bytes Read=48503
	File Output Format Counters 
		Bytes Written=46169
